<?xml version="1.0" encoding="UTF-8"?>
<!-- Generated by org.testng.reporters.JUnitReportReporter -->
<testsuite hostname="LAPTOP-KA6KLE0J" failures="0" tests="1" name="com.ActiTime.runner.TestRunner" time="22.582" errors="0" timestamp="2024-05-03T04:51:38 IST" skipped="0">
  <testcase classname="com.ActiTime.runner.TestRunner" name="runScenario" time="22.582"/>
</testsuite> <!-- com.ActiTime.runner.TestRunner -->
