<?xml version="1.0" encoding="UTF-8"?>
<!-- Generated by org.testng.reporters.JUnitReportReporter -->
<testsuite hostname="LAPTOP-KA6KLE0J" failures="0" tests="1" name="com.ActiTime.hooks.TestClass" time="0.013" errors="0" timestamp="2024-05-02T11:04:33 IST" skipped="0">
  <testcase classname="com.ActiTime.hooks.TestClass" name="testClass" time="0.013">
    <system-out>
      <![CDATA[Test Case Executed]]>
    </system-out>
  </testcase> <!-- testClass -->
  <system-out>
    <![CDATA[Test Case Executed]]>
  </system-out>
</testsuite> <!-- com.ActiTime.hooks.TestClass -->
